Sending build context to Docker daemon  35.84kB
[91m[WARNING]: Empty continuation line found in:
    RUN		wget https://dl.influxdata.com/telegraf/releases/telegraf-1.15.3_linux_amd64.tar.gz 		&&	tar xf telegraf-1.15.3_linux_amd64.tar.gz 		&& cp -r /telegraf-1.15.3/* / 		&& rm -rf /telegraf-1.15.3/ telegraf-1.15.3_linux_amd64.tar.gz COPY	src/telegraf.conf	/etc/telegraf/telegraf.conf
[WARNING]: Empty continuation lines will become errors in a future release.
[0mStep 1/8 : FROM	alpine:latest
 ---> a24bb4013296
Step 2/8 : RUN		apk update
 ---> Running in 17922470f6b9
fetch http://dl-cdn.alpinelinux.org/alpine/v3.12/main/x86_64/APKINDEX.tar.gz
fetch http://dl-cdn.alpinelinux.org/alpine/v3.12/community/x86_64/APKINDEX.tar.gz
v3.12.0-333-gdc1c29f4c7 [http://dl-cdn.alpinelinux.org/alpine/v3.12/main]
v3.12.0-332-g10e40b3f87 [http://dl-cdn.alpinelinux.org/alpine/v3.12/community]
OK: 12749 distinct packages available
Removing intermediate container 17922470f6b9
 ---> 1fc4eb518935
Step 3/8 : RUN		apk add --update supervisor ca-certificates && rm -rf /var/cache/apk/*
 ---> Running in 9f26de3cd22c
(1/19) Installing ca-certificates (20191127-r4)
(2/19) Installing libbz2 (1.0.8-r1)
(3/19) Installing expat (2.2.9-r1)
(4/19) Installing libffi (3.3-r2)
(5/19) Installing gdbm (1.13-r1)
(6/19) Installing xz-libs (5.2.5-r0)
(7/19) Installing ncurses-terminfo-base (6.2_p20200523-r0)
(8/19) Installing ncurses-libs (6.2_p20200523-r0)
(9/19) Installing readline (8.0.4-r0)
(10/19) Installing sqlite-libs (3.32.1-r0)
(11/19) Installing python3 (3.8.5-r0)
(12/19) Installing py3-meld3 (2.0.1-r0)
(13/19) Installing py3-ordered-set (4.0.1-r0)
(14/19) Installing py3-appdirs (1.4.4-r1)
(15/19) Installing py3-parsing (2.4.7-r0)
(16/19) Installing py3-six (1.15.0-r0)
(17/19) Installing py3-packaging (20.4-r0)
(18/19) Installing py3-setuptools (47.0.0-r0)
(19/19) Installing supervisor (4.2.0-r0)
Executing busybox-1.31.1-r16.trigger
Executing ca-certificates-20191127-r4.trigger
OK: 61 MiB in 33 packages
Removing intermediate container 9f26de3cd22c
 ---> e0a0d1521c4f
Step 4/8 : RUN		wget -q -O /etc/apk/keys/sgerrand.rsa.pub https://alpine-pkgs.sgerrand.com/sgerrand.rsa.pub
 ---> Running in 4ceb61530f6e
Removing intermediate container 4ceb61530f6e
 ---> 0169cf563a78
Step 5/8 : RUN		wget https://github.com/sgerrand/alpine-pkg-glibc/releases/download/2.28-r0/glibc-2.28-r0.apk
 ---> Running in f085d044bc9b
[91mConnecting to github.com (140.82.121.3:443)
[0m[91mConnecting to github-production-release-asset-2e65be.s3.amazonaws.com (52.216.132.35:443)
[0m[91msaving to 'glibc-2.28-r0.apk'
[0m[91mglibc-2.28-r0.apk      9% |***                             |  220k  0:00:09 ETA
[0m[91mglibc-2.28-r0.apk     24% |*******                         |  543k  0:00:06 ETA
[0m[91mglibc-2.28-r0.apk     35% |***********                     |  798k  0:00:05 ETA
[0m[91mglibc-2.28-r0.apk     43% |*************                   |  968k  0:00:05 ETA
[0m[91mglibc-2.28-r0.apk     49% |***************                 | 1087k  0:00:05 ETA
[0m[91mglibc-2.28-r0.apk     52% |****************                | 1155k  0:00:05 ETA
[0m[91mglibc-2.28-r0.apk     54% |*****************               | 1206k  0:00:05 ETA
[0m[91mglibc-2.28-r0.apk     57% |******************              | 1274k  0:00:05 ETA
[0m[91mglibc-2.28-r0.apk     62% |********************            | 1392k  0:00:05 ETA
[0m[91mglibc-2.28-r0.apk     67% |*********************           | 1495k  0:00:04 ETA
[0m[91mglibc-2.28-r0.apk     71% |***********************         | 1597k  0:00:04 ETA
[0m[91mglibc-2.28-r0.apk     76% |************************        | 1699k  0:00:03 ETA
[0m[91mglibc-2.28-r0.apk     80% |*************************       | 1784k  0:00:03 ETA
[0m[91mglibc-2.28-r0.apk     84% |**************************      | 1869k  0:00:02 ETA
[0m[91mglibc-2.28-r0.apk     90% |****************************    | 2004k  0:00:01 ETA
[0m[91mglibc-2.28-r0.apk     96% |******************************  | 2141k  0:00:00 ETA
[0m[91mglibc-2.28-r0.apk    100% |********************************| 2219k  0:00:00 ETA
'glibc-2.28-r0.apk' saved
[0mRemoving intermediate container f085d044bc9b
 ---> 3233f4d358db
Step 6/8 : RUN		apk add glibc-2.28-r0.apk
 ---> Running in 98fd301b577a
fetch http://dl-cdn.alpinelinux.org/alpine/v3.12/main/x86_64/APKINDEX.tar.gz
fetch http://dl-cdn.alpinelinux.org/alpine/v3.12/community/x86_64/APKINDEX.tar.gz
(1/1) Installing glibc (2.28-r0)
OK: 65 MiB in 34 packages
Removing intermediate container 98fd301b577a
 ---> 538c77a367c9
Step 7/8 : RUN		wget https://dl.influxdata.com/telegraf/releases/telegraf-1.15.3_linux_amd64.tar.gz 		&&	tar xf telegraf-1.15.3_linux_amd64.tar.gz 		&& cp -r /telegraf-1.15.3/* / 		&& rm -rf /telegraf-1.15.3/ telegraf-1.15.3_linux_amd64.tar.gz COPY	src/telegraf.conf	/etc/telegraf/telegraf.conf
 ---> Running in 4b1a2c899a68
[91mConnecting to dl.influxdata.com (52.85.47.42:443)
[0m[91msaving to 'telegraf-1.15.3_linux_amd64.tar.gz'
[0m[91mtelegraf-1.15.3_linu [0m[91m 16% |*****                           | 3347k  0:00:05 ETA
[0m[91mtelegraf-1.15.3_linu  71% |**********************          | 14.4M  0:00:00 ETA
[0m[91mtelegraf-1.15.3_linu [0m[91m100% |********************************| 20.3M  0:00:00 ETA
[0m[91m'telegraf-1.15.3_linux_amd64.tar.gz' saved
[0mRemoving intermediate container 4b1a2c899a68
 ---> e6774c4f8227
Step 8/8 : ENTRYPOINT	/usr/bin/telegraf --config /etc/telegraf/telegraf.conf
 ---> Running in 05582c032b2b
Removing intermediate container 05582c032b2b
 ---> 923f59dbfce9
Successfully built 923f59dbfce9
Successfully tagged telegraf-image:latest
